<?xml version="1.0" encoding="UTF-8"?>
<!-- Generated by org.testng.reporters.JUnitReportReporter -->
<testsuite hostname="Ashwani" failures="0" tests="1" name="pkg.homepage" time="0.170" errors="0" timestamp="2024-04-07T20:46:12 IST" skipped="0">
  <testcase classname="pkg.homepage" name="test" time="0.170"/>
  <system-out/>
</testsuite> <!-- pkg.homepage -->
