<?xml version="1.0" encoding="UTF-8"?>
<!-- Generated by org.testng.reporters.JUnitReportReporter -->
<testsuite hostname="Ashwani" failures="0" tests="1" name="pkg.buttontext" time="6.615" errors="0" timestamp="2024-04-09T11:06:06 IST" skipped="0">
  <testcase classname="pkg.buttontext" name="buttontextverify" time="6.615"/>
  <system-out/>
</testsuite> <!-- pkg.buttontext -->
