<?xml version="1.0" encoding="UTF-8"?>
<!-- Generated by org.testng.reporters.JUnitReportReporter -->
<testsuite hostname="Ashwani" failures="0" tests="1" name="pkg.screenshot" time="0.348" errors="0" timestamp="2024-04-08T20:37:02 IST" skipped="0">
  <testcase classname="pkg.screenshot" name="scrnsht" time="0.348"/>
  <system-out/>
</testsuite> <!-- pkg.screenshot -->
